<?xml version="1.0" encoding="UTF-8"?>
<testsuite name="Tests" tests="1" skipped="0" failures="1" errors="0" timestamp="2022-08-19T11:08:40" hostname="DESKTOP-5U6L102" time="0.297">
  <properties/>
  <testcase name="start" classname="Tests" time="0.297">
    <failure message="java.lang.AssertionError: Wrong answer in test #8&#10;&#10;Your program printed an incorrect number of stations in the route.&#10;Expected: 5 stations and 2 transitions. Output should be 9 lines.&#10;Your output: 7 lines&#10;&#10;Please find below the output of your program during this failed test.&#10;Note that the '&gt;' character indicates the beginning of the input line.&#10;&#10;---&#10;&#10;Arguments: ./test/prague.json&#10;&#10;&gt; /route &quot;Linka C&quot; &quot;Vysehrad&quot; &quot;Linka B&quot; &quot;Namesti Republiky&quot;&#10;Vysehrad&#10;I.P.Pavlova&#10;Muzeum&#10;Mustek&#10;Transition to line Linka B&#10;Mustek&#10;Namesti Republiky" type="java.lang.AssertionError">java.lang.AssertionError: Wrong answer in test #8

Your program printed an incorrect number of stations in the route.
Expected: 5 stations and 2 transitions. Output should be 9 lines.
Your output: 7 lines

Please find below the output of your program during this failed test.
Note that the '&gt;' character indicates the beginning of the input line.

---

Arguments: ./test/prague.json

&gt; /route &quot;Linka C&quot; &quot;Vysehrad&quot; &quot;Linka B&quot; &quot;Namesti Republiky&quot;
Vysehrad
I.P.Pavlova
Muzeum
Mustek
Transition to line Linka B
Mustek
Namesti Republiky
	at org.junit.Assert.fail(Assert.java:88)
	at org.hyperskill.hstest.stage.StageTest.start(StageTest.java:155)
	at java.base/jdk.internal.reflect.NativeMethodAccessorImpl.invoke0(Native Method)
	at java.base/jdk.internal.reflect.NativeMethodAccessorImpl.invoke(NativeMethodAccessorImpl.java:77)
	at java.base/jdk.internal.reflect.DelegatingMethodAccessorImpl.invoke(DelegatingMethodAccessorImpl.java:43)
	at java.base/java.lang.reflect.Method.invoke(Method.java:568)
	at org.junit.runners.model.FrameworkMethod$1.runReflectiveCall(FrameworkMethod.java:50)
	at org.junit.internal.runners.model.ReflectiveCallable.run(ReflectiveCallable.java:12)
	at org.junit.runners.model.FrameworkMethod.invokeExplosively(FrameworkMethod.java:47)
	at org.junit.internal.runners.statements.InvokeMethod.evaluate(InvokeMethod.java:17)
	at org.junit.runners.ParentRunner.runLeaf(ParentRunner.java:325)
	at org.junit.runners.BlockJUnit4ClassRunner.runChild(BlockJUnit4ClassRunner.java:78)
	at org.junit.runners.BlockJUnit4ClassRunner.runChild(BlockJUnit4ClassRunner.java:57)
	at org.junit.runners.ParentRunner$3.run(ParentRunner.java:290)
	at org.junit.runners.ParentRunner$1.schedule(ParentRunner.java:71)
	at org.junit.runners.ParentRunner.runChildren(ParentRunner.java:288)
	at org.junit.runners.ParentRunner.access$000(ParentRunner.java:58)
	at org.junit.runners.ParentRunner$2.evaluate(ParentRunner.java:268)
	at org.junit.runners.ParentRunner.run(ParentRunner.java:363)
	at org.gradle.api.internal.tasks.testing.junit.JUnitTestClassExecutor.runTestClass(JUnitTestClassExecutor.java:110)
	at org.gradle.api.internal.tasks.testing.junit.JUnitTestClassExecutor.execute(JUnitTestClassExecutor.java:58)
	at org.gradle.api.internal.tasks.testing.junit.JUnitTestClassExecutor.execute(JUnitTestClassExecutor.java:38)
	at org.gradle.api.internal.tasks.testing.junit.AbstractJUnitTestClassProcessor.processTestClass(AbstractJUnitTestClassProcessor.java:62)
	at org.gradle.api.internal.tasks.testing.SuiteTestClassProcessor.processTestClass(SuiteTestClassProcessor.java:51)
	at java.base/jdk.internal.reflect.NativeMethodAccessorImpl.invoke0(Native Method)
	at java.base/jdk.internal.reflect.NativeMethodAccessorImpl.invoke(NativeMethodAccessorImpl.java:77)
	at java.base/jdk.internal.reflect.DelegatingMethodAccessorImpl.invoke(DelegatingMethodAccessorImpl.java:43)
	at java.base/java.lang.reflect.Method.invoke(Method.java:568)
	at org.gradle.internal.dispatch.ReflectionDispatch.dispatch(ReflectionDispatch.java:36)
	at org.gradle.internal.dispatch.ReflectionDispatch.dispatch(ReflectionDispatch.java:24)
	at org.gradle.internal.dispatch.ContextClassLoaderDispatch.dispatch(ContextClassLoaderDispatch.java:33)
	at org.gradle.internal.dispatch.ProxyDispatchAdapter$DispatchingInvocationHandler.invoke(ProxyDispatchAdapter.java:94)
	at jdk.proxy1/jdk.proxy1.$Proxy2.processTestClass(Unknown Source)
	at org.gradle.api.internal.tasks.testing.worker.TestWorker$2.run(TestWorker.java:176)
	at org.gradle.api.internal.tasks.testing.worker.TestWorker.executeAndMaintainThreadName(TestWorker.java:129)
	at org.gradle.api.internal.tasks.testing.worker.TestWorker.execute(TestWorker.java:100)
	at org.gradle.api.internal.tasks.testing.worker.TestWorker.execute(TestWorker.java:60)
	at org.gradle.process.internal.worker.child.ActionExecutionWorker.execute(ActionExecutionWorker.java:56)
	at org.gradle.process.internal.worker.child.SystemApplicationClassLoaderWorker.call(SystemApplicationClassLoaderWorker.java:133)
	at org.gradle.process.internal.worker.child.SystemApplicationClassLoaderWorker.call(SystemApplicationClassLoaderWorker.java:71)
	at worker.org.gradle.process.internal.worker.GradleWorkerMain.run(GradleWorkerMain.java:69)
	at worker.org.gradle.process.internal.worker.GradleWorkerMain.main(GradleWorkerMain.java:74)
</failure>
  </testcase>
  <system-out><![CDATA[?[1;31m
Start test 1?[0m
> /output "SubwayLink"
depot
Owings Mills
Old Court
Milford Mill
Reiserstown Plaza
Rogers Avenue
West Cold Spring
Mondawmin
Penn North
Uptown
State Center
Lexington Market
Charles Center
Shot Tower/Market Place
Johns Hopkins Hospital
depot
?[1;31m
Start test 2?[0m
> /output "m1"
depot
Renes—Gare
Epenex
Crochy
Cerisaie
Bassenges
EPFL
UNL—Sorge
Mouline
UNL—Chemberonne
Bourdonnette
Melley
Provence
Montelly
Vigie
Lausanne—Flon
depot
> /output "m2"
depot
Croisettes
Vennes
Fourmi
Sallaz
CHUV
Ours
Riponne M.Bejart
Bessieres
Lausanne—Flon
Lausanne Gare CFF
Grancy
Delices
Jourdils
Ouchy—Olympique
depot
?[1;31m
Start test 3?[0m
> /append "m1" "Test station 1"
> /output "m1"
depot
Renes—Gare
Epenex
Crochy
Cerisaie
Bassenges
EPFL
UNL—Sorge
Mouline
UNL—Chemberonne
Bourdonnette
Melley
Provence
Montelly
Vigie
Lausanne—Flon
Test station 1
depot
> /append "m1" "Test station 2"
> /output "m1"
depot
Renes—Gare
Epenex
Crochy
Cerisaie
Bassenges
EPFL
UNL—Sorge
Mouline
UNL—Chemberonne
Bourdonnette
Melley
Provence
Montelly
Vigie
Lausanne—Flon
Test station 1
Test station 2
depot
> /add-head "m1" "Head"
> /output "m1"
depot
Head
Renes—Gare
Epenex
Crochy
Cerisaie
Bassenges
EPFL
UNL—Sorge
Mouline
UNL—Chemberonne
Bourdonnette
Melley
Provence
Montelly
Vigie
Lausanne—Flon
Test station 1
Test station 2
depot
?[1;31m
Start test 4?[0m
Error! Such a file doesn't exist!
?[1;31m
Start test 5?[0m
> /output "Linka A"
depot
Nemocnice Motol
Petriny
Nadrazi Veleslavin
Borislavka
Dejvicka
Hradcanska
Malostranska
Staromestska
Mustek - Mustek (Linka B line)
Muzeum - Muzeum (Linka C line)
Namesti Miru
Jiriho z Podebrad
Flora
Zelivskeho
Strasnicka
Skalka
Depo Hostivar
depot
?[1;31m
Start test 6?[0m
> /connect "Linka C" "I.P.Pavlova" "Linka A" "Petriny"
> /output "Linka A"
depot
Nemocnice Motol
Petriny - I.P.Pavlova (Linka C line)
Nadrazi Veleslavin
Borislavka
Dejvicka
Hradcanska
Malostranska
Staromestska
Mustek - Mustek (Linka B line)
Muzeum - Muzeum (Linka C line)
Namesti Miru
Jiriho z Podebrad
Flora
Zelivskeho
Strasnicka
Skalka
Depo Hostivar
depot
?[1;31m
Start test 7?[0m
> /route "Linka A" "Petriny" "Linka A" "Flora"
Petriny
Nadrazi Veleslavin
Borislavka
Dejvicka
Hradcanska
Malostranska
Staromestska
Mustek
Muzeum
Namesti Miru
Jiriho z Podebrad
Flora
?[1;31m
Start test 8?[0m
> /route "Linka C" "Vysehrad" "Linka B" "Namesti Republiky"
Vysehrad
I.P.Pavlova
Muzeum
Mustek
Transition to line Linka B
Mustek
Namesti Republiky
]]></system-out>
  <system-err><![CDATA[]]></system-err>
</testsuite>
